<?xml version="1.0" encoding="UTF-8"?>
<!-- Generated by org.testng.reporters.JUnitXMLReporter -->
<testsuite ignored="0" hostname="QB-TP3-2221" failures="1" tests="4" name="RetryMulitple" time="30.586" errors="0" timestamp="2022-10-31T11:11:44 IST">
  <testcase classname="Testcases.PushNotificationsTest" name="displayColorSearchbutton" time="1.108">
    <skipped/>
  </testcase> <!-- displayColorSearchbutton -->
  <testcase classname="Testcases.PushNotificationsTest" name="displayColorSearchbutton" time="1.018">
    <skipped/>
  </testcase> <!-- displayColorSearchbutton -->
  <testcase classname="Testcases.PushNotificationsTest" name="displayColorSearchbutton" time="1.02">
    <skipped/>
  </testcase> <!-- displayColorSearchbutton -->
  <testcase classname="Testcases.PushNotificationsTest" name="displayColorSearchbutton" time="0.965">
    <failure type="java.lang.AssertionError" message="Background color is not correct expected [hello] but found [rgba(23, 162, 184, 1)]">
      <![CDATA[java.lang.AssertionError: Background color is not correct expected [hello] but found [rgba(23, 162, 184, 1)]
at Testcases.PushNotificationsTest.displayColorSearchbutton(PushNotificationsTest.java:47)
at java.base/java.util.ArrayList.forEach(ArrayList.java:1541)
... Removed 32 stack frames]]>
    </failure>
  </testcase> <!-- displayColorSearchbutton -->
</testsuite> <!-- RetryMulitple -->
