<?xml version="1.0" encoding="UTF-8"?>
<!-- Generated by org.testng.reporters.JUnitXMLReporter -->
<testsuite hostname="QB-TP3-2221" ignored="2" name="ChromeTest" tests="1" failures="0" timestamp="2023-01-09T10:49:09 IST" time="6.751" errors="0">
  <testcase name="searchMethod" time="2.722" classname="Testcases.ManageLocationTest"/>
  <testcase name="manageLocationTabValidation" time="0.0" classname="Testcases.ManageLocationTest">
    <ignored/>
  </testcase> <!-- manageLocationTabValidation -->
  <testcase name="displayColorNewbutton" time="0.0" classname="Testcases.ManageLocationTest">
    <ignored/>
  </testcase> <!-- displayColorNewbutton -->
</testsuite> <!-- ChromeTest -->
